2022-05-19 21:05:626 INFO  ManageDriver :30 - Launching Chrome Browser
2022-05-19 21:05:183 INFO  HomePage :53 - Clicking on signIn [[ChromeDriver: chrome on WINDOWS (e3cf1c26396ae0f060c6892aeee1c052)] -> xpath: //a[contains(text(),'Sign in')]]
2022-05-19 21:05:210 INFO  SignInPage :75 - getting authentication text [[ChromeDriver: chrome on WINDOWS (e3cf1c26396ae0f060c6892aeee1c052)] -> xpath: //h1[contains(text(),'Authentication')]]
2022-05-19 21:05:511 INFO  ManageDriver :30 - Launching Chrome Browser
2022-05-19 21:05:24 INFO  HomePage :53 - Clicking on signIn [[ChromeDriver: chrome on WINDOWS (71ea3be7ac7805e6d4e112d2c85e5063)] -> xpath: //a[contains(text(),'Sign in')]]
2022-05-19 21:05:97 INFO  SignInPage :56 - Enter email  to email field [[ChromeDriver: chrome on WINDOWS (71ea3be7ac7805e6d4e112d2c85e5063)] -> xpath: //input[@id='email']]
2022-05-19 21:05:208 INFO  SignInPage :61 - Enter password 123456 to password field [[ChromeDriver: chrome on WINDOWS (71ea3be7ac7805e6d4e112d2c85e5063)] -> xpath: //input[@id='passwd']]
2022-05-19 21:05:871 INFO  SignInPage :66 - Clicking on signInButton [[ChromeDriver: chrome on WINDOWS (71ea3be7ac7805e6d4e112d2c85e5063)] -> xpath: //body[1]/div[1]/div[2]/div[1]/div[3]/div[1]/div[1]/div[2]/form[1]/div[1]/p[2]/button[1]/span[1]]
2022-05-19 21:05:890 INFO  SignInPage :100 - getting errorMessage text [[ChromeDriver: chrome on WINDOWS (71ea3be7ac7805e6d4e112d2c85e5063)] -> xpath: //div[@class='alert alert-danger']//li]
2022-05-19 21:05:97 INFO  ManageDriver :30 - Launching Chrome Browser
2022-05-19 21:05:299 INFO  HomePage :53 - Clicking on signIn [[ChromeDriver: chrome on WINDOWS (8e0c2028c83de3e84dc37d29a7c27a30)] -> xpath: //a[contains(text(),'Sign in')]]
2022-05-19 21:05:382 INFO  SignInPage :56 - Enter email abcd@gmail.com to email field [[ChromeDriver: chrome on WINDOWS (8e0c2028c83de3e84dc37d29a7c27a30)] -> xpath: //input[@id='email']]
2022-05-19 21:05:445 INFO  SignInPage :61 - Enter password  to password field [[ChromeDriver: chrome on WINDOWS (8e0c2028c83de3e84dc37d29a7c27a30)] -> xpath: //input[@id='passwd']]
2022-05-19 21:05:428 INFO  SignInPage :66 - Clicking on signInButton [[ChromeDriver: chrome on WINDOWS (8e0c2028c83de3e84dc37d29a7c27a30)] -> xpath: //body[1]/div[1]/div[2]/div[1]/div[3]/div[1]/div[1]/div[2]/form[1]/div[1]/p[2]/button[1]/span[1]]
2022-05-19 21:05:446 INFO  SignInPage :100 - getting errorMessage text [[ChromeDriver: chrome on WINDOWS (8e0c2028c83de3e84dc37d29a7c27a30)] -> xpath: //div[@class='alert alert-danger']//li]
2022-05-19 21:05:664 INFO  ManageDriver :30 - Launching Chrome Browser
2022-05-19 21:05:363 INFO  HomePage :53 - Clicking on signIn [[ChromeDriver: chrome on WINDOWS (86b431291e0cb2cd8fa06e116793e0ae)] -> xpath: //a[contains(text(),'Sign in')]]
2022-05-19 21:05:436 INFO  SignInPage :56 - Enter email adfdfgfg to email field [[ChromeDriver: chrome on WINDOWS (86b431291e0cb2cd8fa06e116793e0ae)] -> xpath: //input[@id='email']]
2022-05-19 21:05:519 INFO  SignInPage :61 - Enter password 123456 to password field [[ChromeDriver: chrome on WINDOWS (86b431291e0cb2cd8fa06e116793e0ae)] -> xpath: //input[@id='passwd']]
2022-05-19 21:05:745 INFO  SignInPage :66 - Clicking on signInButton [[ChromeDriver: chrome on WINDOWS (86b431291e0cb2cd8fa06e116793e0ae)] -> xpath: //body[1]/div[1]/div[2]/div[1]/div[3]/div[1]/div[1]/div[2]/form[1]/div[1]/p[2]/button[1]/span[1]]
2022-05-19 21:05:762 INFO  SignInPage :100 - getting errorMessage text [[ChromeDriver: chrome on WINDOWS (86b431291e0cb2cd8fa06e116793e0ae)] -> xpath: //div[@class='alert alert-danger']//li]
2022-05-19 21:05:976 INFO  ManageDriver :30 - Launching Chrome Browser
2022-05-19 21:05:357 INFO  HomePage :53 - Clicking on signIn [[ChromeDriver: chrome on WINDOWS (c1cbe24483f00347a766519a8989ae87)] -> xpath: //a[contains(text(),'Sign in')]]
2022-05-19 21:05:446 INFO  SignInPage :56 - Enter email abcd@gmail.com to email field [[ChromeDriver: chrome on WINDOWS (c1cbe24483f00347a766519a8989ae87)] -> xpath: //input[@id='email']]
2022-05-19 21:05:532 INFO  SignInPage :61 - Enter password 123456 to password field [[ChromeDriver: chrome on WINDOWS (c1cbe24483f00347a766519a8989ae87)] -> xpath: //input[@id='passwd']]
2022-05-19 21:05:410 INFO  SignInPage :66 - Clicking on signInButton [[ChromeDriver: chrome on WINDOWS (c1cbe24483f00347a766519a8989ae87)] -> xpath: //body[1]/div[1]/div[2]/div[1]/div[3]/div[1]/div[1]/div[2]/form[1]/div[1]/p[2]/button[1]/span[1]]
2022-05-19 21:05:437 INFO  SignInPage :100 - getting errorMessage text [[ChromeDriver: chrome on WINDOWS (c1cbe24483f00347a766519a8989ae87)] -> xpath: //div[@class='alert alert-danger']//li]
2022-05-19 21:05:850 INFO  ManageDriver :30 - Launching Chrome Browser
2022-05-19 21:05:200 INFO  HomePage :53 - Clicking on signIn [[ChromeDriver: chrome on WINDOWS (576ecc05d6a6e19308390b69d07c5c21)] -> xpath: //a[contains(text(),'Sign in')]]
2022-05-19 21:05:285 INFO  SignInPage :56 - Enter email ram1123@gmail.com to email field [[ChromeDriver: chrome on WINDOWS (576ecc05d6a6e19308390b69d07c5c21)] -> xpath: //input[@id='email']]
2022-05-19 21:05:341 INFO  SignInPage :61 - Enter password 123456 to password field [[ChromeDriver: chrome on WINDOWS (576ecc05d6a6e19308390b69d07c5c21)] -> xpath: //input[@id='passwd']]
2022-05-19 21:05:751 INFO  SignInPage :66 - Clicking on signInButton [[ChromeDriver: chrome on WINDOWS (576ecc05d6a6e19308390b69d07c5c21)] -> xpath: //body[1]/div[1]/div[2]/div[1]/div[3]/div[1]/div[1]/div[2]/form[1]/div[1]/p[2]/button[1]/span[1]]
2022-05-19 21:05:762 INFO  Account :24 - getting signout text [[ChromeDriver: chrome on WINDOWS (576ecc05d6a6e19308390b69d07c5c21)] -> xpath: //header/div[2]/div[1]/div[1]/nav[1]/div[2]/a[1]]
2022-05-19 21:05:984 INFO  ManageDriver :30 - Launching Chrome Browser
2022-05-19 21:05:413 INFO  HomePage :53 - Clicking on signIn [[ChromeDriver: chrome on WINDOWS (7feeb04b3ff4c453fa1a0f7478510e42)] -> xpath: //a[contains(text(),'Sign in')]]
2022-05-19 21:05:503 INFO  SignInPage :56 - Enter email ram1123@gmail.com to email field [[ChromeDriver: chrome on WINDOWS (7feeb04b3ff4c453fa1a0f7478510e42)] -> xpath: //input[@id='email']]
2022-05-19 21:05:567 INFO  SignInPage :61 - Enter password 123456 to password field [[ChromeDriver: chrome on WINDOWS (7feeb04b3ff4c453fa1a0f7478510e42)] -> xpath: //input[@id='passwd']]
2022-05-19 21:05:699 INFO  SignInPage :66 - Clicking on signInButton [[ChromeDriver: chrome on WINDOWS (7feeb04b3ff4c453fa1a0f7478510e42)] -> xpath: //body[1]/div[1]/div[2]/div[1]/div[3]/div[1]/div[1]/div[2]/form[1]/div[1]/p[2]/button[1]/span[1]]
2022-05-19 21:05:474 INFO  Account :29 - Clicking on signOutLink [[ChromeDriver: chrome on WINDOWS (7feeb04b3ff4c453fa1a0f7478510e42)] -> xpath: //header/div[2]/div[1]/div[1]/nav[1]/div[2]/a[1]]
2022-05-19 21:05:500 INFO  HomePage :60 - verifySignInButton text [[ChromeDriver: chrome on WINDOWS (7feeb04b3ff4c453fa1a0f7478510e42)] -> xpath: //header/div[3]/div[1]/div[1]/div[1]/a[1]/img[1]]
2022-05-19 21:05:758 INFO  ManageDriver :30 - Launching Chrome Browser
2022-05-19 21:05:556 INFO  HomePage :53 - Clicking on signIn [[ChromeDriver: chrome on WINDOWS (b59083e178f68a903b81e024ded4c800)] -> xpath: //a[contains(text(),'Sign in')]]
2022-05-19 21:05:693 INFO  SignInPage :89 - Enter email Ram to email field [[ChromeDriver: chrome on WINDOWS (b59083e178f68a903b81e024ded4c800)] -> xpath: //input[@id='email_create']]
2022-05-19 21:05:759 INFO  SignInPage :71 - Clicking on createAnAccountButton [[ChromeDriver: chrome on WINDOWS (b59083e178f68a903b81e024ded4c800)] -> xpath: //body[1]/div[1]/div[2]/div[1]/div[3]/div[1]/div[1]/div[1]/form[1]/div[1]/div[3]/button[1]/span[1]]
2022-05-19 21:05:124 INFO  CreateAccountPage :112 - Clicking on title button [[ChromeDriver: chrome on WINDOWS (b59083e178f68a903b81e024ded4c800)] -> xpath: //input[@id='id_gender1']]
2022-05-19 21:05:242 INFO  CreateAccountPage :117 - Enter firstname Bellato firstName field [[ChromeDriver: chrome on WINDOWS (b59083e178f68a903b81e024ded4c800)] -> xpath: //input[@id='customer_firstname']]
2022-05-19 21:05:346 INFO  CreateAccountPage :122 - Enter lastName Shahto lastName field [[ChromeDriver: chrome on WINDOWS (b59083e178f68a903b81e024ded4c800)] -> xpath: //input[@id='customer_lastname']]
2022-05-19 21:05:462 INFO  CreateAccountPage :132 - Enter passField 12345678 to password field [[ChromeDriver: chrome on WINDOWS (b59083e178f68a903b81e024ded4c800)] -> xpath: //input[@id='passwd']]
2022-05-19 21:05:600 INFO  CreateAccountPage :137 - Selecting day 6 from dropdown [[ChromeDriver: chrome on WINDOWS (b59083e178f68a903b81e024ded4c800)] -> xpath: //select[@id='days']]
2022-05-19 21:05:783 INFO  CreateAccountPage :142 - Selecting month 6 from dropdown [[ChromeDriver: chrome on WINDOWS (b59083e178f68a903b81e024ded4c800)] -> xpath: //select[@id='months']]
2022-05-19 21:05:914 INFO  CreateAccountPage :147 - Selecting year 1995 from dropdown [[ChromeDriver: chrome on WINDOWS (b59083e178f68a903b81e024ded4c800)] -> xpath: //select[@id='years']]
2022-05-19 21:05:03 INFO  CreateAccountPage :152 - Clicking on newsletterbox [[ChromeDriver: chrome on WINDOWS (b59083e178f68a903b81e024ded4c800)] -> xpath: //input[@id='newsletter']]
2022-05-19 21:05:90 INFO  CreateAccountPage :157 - Clicking on receiveOfferBox [[ChromeDriver: chrome on WINDOWS (b59083e178f68a903b81e024ded4c800)] -> xpath: //input[@id='optin']]
2022-05-19 21:05:194 INFO  CreateAccountPage :172 - Enter company abc to company field [[ChromeDriver: chrome on WINDOWS (b59083e178f68a903b81e024ded4c800)] -> xpath: //input[@id='company']]
2022-05-19 21:05:302 INFO  CreateAccountPage :177 - Enter address 19, Beats to email field [[ChromeDriver: chrome on WINDOWS (b59083e178f68a903b81e024ded4c800)] -> xpath: //input[@id='address1']]
2022-05-19 21:05:397 INFO  CreateAccountPage :182 - Enter address 10S to email field [[ChromeDriver: chrome on WINDOWS (b59083e178f68a903b81e024ded4c800)] -> xpath: //input[@id='address2']]
2022-05-19 21:05:502 INFO  CreateAccountPage :187 - Enter city Rom to city field [[ChromeDriver: chrome on WINDOWS (b59083e178f68a903b81e024ded4c800)] -> xpath: //input[@id='city']]
2022-05-19 21:05:624 INFO  CreateAccountPage :192 - Selecting state 3 from dropdown [[ChromeDriver: chrome on WINDOWS (b59083e178f68a903b81e024ded4c800)] -> xpath: //select[@id='id_state']]
2022-05-19 21:05:742 INFO  CreateAccountPage :197 - Enter zip 12345 to email field [[ChromeDriver: chrome on WINDOWS (b59083e178f68a903b81e024ded4c800)] -> xpath: //input[@id='postcode']]
2022-05-19 21:05:820 INFO  CreateAccountPage :202 - Selecting country United States from dropdown [[ChromeDriver: chrome on WINDOWS (b59083e178f68a903b81e024ded4c800)] -> xpath: //select[@id='id_country']]
2022-05-19 21:05:930 INFO  CreateAccountPage :207 - Enter home phone 996644002 to home phone field [[ChromeDriver: chrome on WINDOWS (b59083e178f68a903b81e024ded4c800)] -> xpath: //input[@id='phone']]
2022-05-19 21:05:16 INFO  CreateAccountPage :212 - Enter mobile phone 9966440022 to mobile phone field [[ChromeDriver: chrome on WINDOWS (b59083e178f68a903b81e024ded4c800)] -> xpath: //input[@id='phone_mobile']]
2022-05-19 21:05:113 INFO  CreateAccountPage :217 - Enter assign address W10, drf to assignAddress field [[ChromeDriver: chrome on WINDOWS (b59083e178f68a903b81e024ded4c800)] -> xpath: //input[@id='alias']]
2022-05-19 21:05:121 INFO  CreateAccountPage :222 - Clicking on registerButton [[ChromeDriver: chrome on WINDOWS (b59083e178f68a903b81e024ded4c800)] -> xpath: //body[1]/div[1]/div[2]/div[1]/div[3]/div[1]/div[1]/form[1]/div[4]/button[1]/span[1]]
2022-05-19 21:05:130 INFO  MyAccount :23 - getting my Account text [[ChromeDriver: chrome on WINDOWS (b59083e178f68a903b81e024ded4c800)] -> xpath: //h1[contains(text(),'My account')]]
2022-05-19 21:05:156 INFO  ManageDriver :30 - Launching Chrome Browser
2022-05-19 21:05:788 INFO  HomePage :41 - Clicking on woman [[ChromeDriver: chrome on WINDOWS (abbd3bc7379713a503a7f5ddbe502236)] -> xpath: //header/div[3]/div[1]/div[1]/div[6]/ul[1]/li[1]/a[1]]
2022-05-19 21:05:797 INFO  WomenCategoryPage :58 - getting women Text [[ChromeDriver: chrome on WINDOWS (abbd3bc7379713a503a7f5ddbe502236)] -> xpath: //h2[contains(text(),'Women')]]
2022-05-19 21:05:45 INFO  ManageDriver :30 - Launching Chrome Browser
2022-05-19 21:05:577 INFO  HomePage :41 - Clicking on woman [[ChromeDriver: chrome on WINDOWS (6a84c6ce160296dbbb9d36435391a701)] -> xpath: //header/div[3]/div[1]/div[1]/div[6]/ul[1]/li[1]/a[1]]
2022-05-19 21:05:756 INFO  WomenCategoryPage :86 - Selecting Product Blouse from dropdown [[ChromeDriver: chrome on WINDOWS (6a84c6ce160296dbbb9d36435391a701)] -> xpath: //h5//a[@title='Blouse']]
2022-05-19 21:05:220 INFO  ProductPage :85 - Clearing quantity [[ChromeDriver: chrome on WINDOWS (6a84c6ce160296dbbb9d36435391a701)] -> xpath: //input[@id='quantity_wanted']]
2022-05-19 21:05:286 INFO  ProductPage :90 - Enter quantity [[ChromeDriver: chrome on WINDOWS (6a84c6ce160296dbbb9d36435391a701)] -> xpath: //input[@id='quantity_wanted']] to quantity field [[ChromeDriver: chrome on WINDOWS (6a84c6ce160296dbbb9d36435391a701)] -> xpath: //input[@id='quantity_wanted']]
2022-05-19 21:05:304 INFO  ProductPage :59 - Selecting colour M from dropdown [[ChromeDriver: chrome on WINDOWS (6a84c6ce160296dbbb9d36435391a701)] -> xpath: //select[@id='group_1']]
2022-05-19 21:05:502 INFO  ProductPage :70 - Clicking on addToCart [[ChromeDriver: chrome on WINDOWS (6a84c6ce160296dbbb9d36435391a701)] -> xpath: //span[contains(text(),'Add to cart')]]
2022-05-19 21:05:510 INFO  ProductPage :74 - getting product Success text [[ChromeDriver: chrome on WINDOWS (6a84c6ce160296dbbb9d36435391a701)] -> xpath: //div[@class='layer_cart_product col-xs-12 col-md-6']]
2022-05-19 21:05:665 INFO  ProductPage :80 - Clicking on crossSign [[ChromeDriver: chrome on WINDOWS (6a84c6ce160296dbbb9d36435391a701)] -> xpath: //header/div[3]/div[1]/div[1]/div[4]/div[1]/div[1]/span[1]]
2022-05-19 21:05:381 INFO  ManageDriver :30 - Launching Chrome Browser
2022-05-19 21:05:497 INFO  HomePage :41 - Clicking on woman [[ChromeDriver: chrome on WINDOWS (d0d2ee5f5e9b074aa024d3db2006cd10)] -> xpath: //header/div[3]/div[1]/div[1]/div[6]/ul[1]/li[1]/a[1]]
2022-05-19 21:05:735 INFO  WomenCategoryPage :90 - Selecting Product Printed Dress from dropdown [[ChromeDriver: chrome on WINDOWS (d0d2ee5f5e9b074aa024d3db2006cd10)] -> xpath: //body/div[@id='page']/div[2]/div[1]/div[3]/div[2]/ul[1]/li[3]/div[1]/div[2]/h5[1]/a[1]]
2022-05-19 21:05:790 INFO  ProductPage :85 - Clearing quantity [[ChromeDriver: chrome on WINDOWS (d0d2ee5f5e9b074aa024d3db2006cd10)] -> xpath: //input[@id='quantity_wanted']]
2022-05-19 21:05:853 INFO  ProductPage :90 - Enter quantity [[ChromeDriver: chrome on WINDOWS (d0d2ee5f5e9b074aa024d3db2006cd10)] -> xpath: //input[@id='quantity_wanted']] to quantity field [[ChromeDriver: chrome on WINDOWS (d0d2ee5f5e9b074aa024d3db2006cd10)] -> xpath: //input[@id='quantity_wanted']]
2022-05-19 21:05:868 INFO  ProductPage :59 - Selecting colour L from dropdown [[ChromeDriver: chrome on WINDOWS (d0d2ee5f5e9b074aa024d3db2006cd10)] -> xpath: //select[@id='group_1']]
2022-05-19 21:05:76 INFO  ProductPage :70 - Clicking on addToCart [[ChromeDriver: chrome on WINDOWS (d0d2ee5f5e9b074aa024d3db2006cd10)] -> xpath: //span[contains(text(),'Add to cart')]]
2022-05-19 21:05:97 INFO  ProductPage :74 - getting product Success text [[ChromeDriver: chrome on WINDOWS (d0d2ee5f5e9b074aa024d3db2006cd10)] -> xpath: //div[@class='layer_cart_product col-xs-12 col-md-6']]
2022-05-19 21:05:855 INFO  ProductPage :80 - Clicking on crossSign [[ChromeDriver: chrome on WINDOWS (d0d2ee5f5e9b074aa024d3db2006cd10)] -> xpath: //header/div[3]/div[1]/div[1]/div[4]/div[1]/div[1]/span[1]]
2022-05-19 21:05:540 INFO  ManageDriver :30 - Launching Chrome Browser
2022-05-19 21:05:05 INFO  HomePage :41 - Clicking on woman [[ChromeDriver: chrome on WINDOWS (db317f58e5f8d7a794978d2eb5ea033b)] -> xpath: //header/div[3]/div[1]/div[1]/div[6]/ul[1]/li[1]/a[1]]
2022-05-19 21:05:288 INFO  WomenCategoryPage :94 - Selecting Product Printed Chiffon Dress from dropdown [[ChromeDriver: chrome on WINDOWS (db317f58e5f8d7a794978d2eb5ea033b)] -> xpath: //h5//a[@title='Printed Chiffon Dress']]
2022-05-19 21:05:346 INFO  ProductPage :85 - Clearing quantity [[ChromeDriver: chrome on WINDOWS (db317f58e5f8d7a794978d2eb5ea033b)] -> xpath: //input[@id='quantity_wanted']]
2022-05-19 21:05:416 INFO  ProductPage :90 - Enter quantity [[ChromeDriver: chrome on WINDOWS (db317f58e5f8d7a794978d2eb5ea033b)] -> xpath: //input[@id='quantity_wanted']] to quantity field [[ChromeDriver: chrome on WINDOWS (db317f58e5f8d7a794978d2eb5ea033b)] -> xpath: //input[@id='quantity_wanted']]
2022-05-19 21:05:430 INFO  ProductPage :59 - Selecting colour S from dropdown [[ChromeDriver: chrome on WINDOWS (db317f58e5f8d7a794978d2eb5ea033b)] -> xpath: //select[@id='group_1']]
2022-05-19 21:05:566 INFO  ProductPage :70 - Clicking on addToCart [[ChromeDriver: chrome on WINDOWS (db317f58e5f8d7a794978d2eb5ea033b)] -> xpath: //span[contains(text(),'Add to cart')]]
2022-05-19 21:05:591 INFO  ProductPage :74 - getting product Success text [[ChromeDriver: chrome on WINDOWS (db317f58e5f8d7a794978d2eb5ea033b)] -> xpath: //div[@class='layer_cart_product col-xs-12 col-md-6']]
2022-05-19 21:05:981 INFO  ProductPage :80 - Clicking on crossSign [[ChromeDriver: chrome on WINDOWS (db317f58e5f8d7a794978d2eb5ea033b)] -> xpath: //header/div[3]/div[1]/div[1]/div[4]/div[1]/div[1]/span[1]]
2022-05-19 21:05:695 INFO  ManageDriver :30 - Launching Chrome Browser
2022-05-19 21:05:906 INFO  HomePage :41 - Clicking on woman [[ChromeDriver: chrome on WINDOWS (b155749edcfb2059bed6a05a5f75a6bf)] -> xpath: //header/div[3]/div[1]/div[1]/div[6]/ul[1]/li[1]/a[1]]
2022-05-19 21:05:854 INFO  WomenCategoryPage :98 - Selecting Product Printed Summer Dress with Price $28.98 from dropdown [[ChromeDriver: chrome on WINDOWS (b155749edcfb2059bed6a05a5f75a6bf)] -> xpath: //body/div[@id='page']/div[2]/div[1]/div[3]/div[2]/ul[1]/li[5]/div[1]/div[2]/h5[1]/a[1]]
2022-05-19 21:05:908 INFO  ProductPage :85 - Clearing quantity [[ChromeDriver: chrome on WINDOWS (b155749edcfb2059bed6a05a5f75a6bf)] -> xpath: //input[@id='quantity_wanted']]
2022-05-19 21:05:978 INFO  ProductPage :90 - Enter quantity [[ChromeDriver: chrome on WINDOWS (b155749edcfb2059bed6a05a5f75a6bf)] -> xpath: //input[@id='quantity_wanted']] to quantity field [[ChromeDriver: chrome on WINDOWS (b155749edcfb2059bed6a05a5f75a6bf)] -> xpath: //input[@id='quantity_wanted']]
2022-05-19 21:05:994 INFO  ProductPage :59 - Selecting colour M from dropdown [[ChromeDriver: chrome on WINDOWS (b155749edcfb2059bed6a05a5f75a6bf)] -> xpath: //select[@id='group_1']]
2022-05-19 21:05:202 INFO  ProductPage :70 - Clicking on addToCart [[ChromeDriver: chrome on WINDOWS (b155749edcfb2059bed6a05a5f75a6bf)] -> xpath: //span[contains(text(),'Add to cart')]]
2022-05-19 21:05:219 INFO  ProductPage :74 - getting product Success text [[ChromeDriver: chrome on WINDOWS (b155749edcfb2059bed6a05a5f75a6bf)] -> xpath: //div[@class='layer_cart_product col-xs-12 col-md-6']]
2022-05-19 21:05:176 INFO  ProductPage :80 - Clicking on crossSign [[ChromeDriver: chrome on WINDOWS (b155749edcfb2059bed6a05a5f75a6bf)] -> xpath: //header/div[3]/div[1]/div[1]/div[4]/div[1]/div[1]/span[1]]
2022-05-19 22:05:702 INFO  ManageDriver :30 - Launching Chrome Browser
2022-05-19 22:05:754 INFO  HomePage :53 - Clicking on signIn [[ChromeDriver: chrome on WINDOWS (4cf002f73b2c2096c1280c2ece0ecea2)] -> xpath: //a[contains(text(),'Sign in')]]
2022-05-19 22:05:893 INFO  SignInPage :89 - Enter email Ram to email field [[ChromeDriver: chrome on WINDOWS (4cf002f73b2c2096c1280c2ece0ecea2)] -> xpath: //input[@id='email_create']]
2022-05-19 22:05:937 INFO  SignInPage :71 - Clicking on createAnAccountButton [[ChromeDriver: chrome on WINDOWS (4cf002f73b2c2096c1280c2ece0ecea2)] -> xpath: //body[1]/div[1]/div[2]/div[1]/div[3]/div[1]/div[1]/div[1]/form[1]/div[1]/div[3]/button[1]/span[1]]
2022-05-19 22:05:396 INFO  CreateAccountPage :112 - Clicking on title button [[ChromeDriver: chrome on WINDOWS (4cf002f73b2c2096c1280c2ece0ecea2)] -> xpath: //input[@id='id_gender1']]
2022-05-19 22:05:504 INFO  CreateAccountPage :117 - Enter firstname Bellato firstName field [[ChromeDriver: chrome on WINDOWS (4cf002f73b2c2096c1280c2ece0ecea2)] -> xpath: //input[@id='customer_firstname']]
2022-05-19 22:05:593 INFO  CreateAccountPage :122 - Enter lastName Shahto lastName field [[ChromeDriver: chrome on WINDOWS (4cf002f73b2c2096c1280c2ece0ecea2)] -> xpath: //input[@id='customer_lastname']]
2022-05-19 22:05:676 INFO  CreateAccountPage :132 - Enter passField 12345678 to password field [[ChromeDriver: chrome on WINDOWS (4cf002f73b2c2096c1280c2ece0ecea2)] -> xpath: //input[@id='passwd']]
2022-05-19 22:05:775 INFO  CreateAccountPage :137 - Selecting day 6 from dropdown [[ChromeDriver: chrome on WINDOWS (4cf002f73b2c2096c1280c2ece0ecea2)] -> xpath: //select[@id='days']]
2022-05-19 22:05:876 INFO  CreateAccountPage :142 - Selecting month 6 from dropdown [[ChromeDriver: chrome on WINDOWS (4cf002f73b2c2096c1280c2ece0ecea2)] -> xpath: //select[@id='months']]
2022-05-19 22:05:03 INFO  CreateAccountPage :147 - Selecting year 1995 from dropdown [[ChromeDriver: chrome on WINDOWS (4cf002f73b2c2096c1280c2ece0ecea2)] -> xpath: //select[@id='years']]
2022-05-19 22:05:69 INFO  CreateAccountPage :152 - Clicking on newsletterbox [[ChromeDriver: chrome on WINDOWS (4cf002f73b2c2096c1280c2ece0ecea2)] -> xpath: //input[@id='newsletter']]
2022-05-19 22:05:147 INFO  CreateAccountPage :157 - Clicking on receiveOfferBox [[ChromeDriver: chrome on WINDOWS (4cf002f73b2c2096c1280c2ece0ecea2)] -> xpath: //input[@id='optin']]
2022-05-19 22:05:250 INFO  CreateAccountPage :172 - Enter company abc to company field [[ChromeDriver: chrome on WINDOWS (4cf002f73b2c2096c1280c2ece0ecea2)] -> xpath: //input[@id='company']]
2022-05-19 22:05:371 INFO  CreateAccountPage :177 - Enter address 19, Beats to email field [[ChromeDriver: chrome on WINDOWS (4cf002f73b2c2096c1280c2ece0ecea2)] -> xpath: //input[@id='address1']]
2022-05-19 22:05:453 INFO  CreateAccountPage :182 - Enter address 10S to email field [[ChromeDriver: chrome on WINDOWS (4cf002f73b2c2096c1280c2ece0ecea2)] -> xpath: //input[@id='address2']]
2022-05-19 22:05:550 INFO  CreateAccountPage :187 - Enter city Rom to city field [[ChromeDriver: chrome on WINDOWS (4cf002f73b2c2096c1280c2ece0ecea2)] -> xpath: //input[@id='city']]
2022-05-19 22:05:651 INFO  CreateAccountPage :192 - Selecting state 3 from dropdown [[ChromeDriver: chrome on WINDOWS (4cf002f73b2c2096c1280c2ece0ecea2)] -> xpath: //select[@id='id_state']]
2022-05-19 22:05:739 INFO  CreateAccountPage :197 - Enter zip 12345 to email field [[ChromeDriver: chrome on WINDOWS (4cf002f73b2c2096c1280c2ece0ecea2)] -> xpath: //input[@id='postcode']]
2022-05-19 22:05:817 INFO  CreateAccountPage :202 - Selecting country United States from dropdown [[ChromeDriver: chrome on WINDOWS (4cf002f73b2c2096c1280c2ece0ecea2)] -> xpath: //select[@id='id_country']]
2022-05-19 22:05:903 INFO  CreateAccountPage :207 - Enter home phone 996644002 to home phone field [[ChromeDriver: chrome on WINDOWS (4cf002f73b2c2096c1280c2ece0ecea2)] -> xpath: //input[@id='phone']]
2022-05-19 22:05:999 INFO  CreateAccountPage :212 - Enter mobile phone 9966440022 to mobile phone field [[ChromeDriver: chrome on WINDOWS (4cf002f73b2c2096c1280c2ece0ecea2)] -> xpath: //input[@id='phone_mobile']]
2022-05-19 22:05:97 INFO  CreateAccountPage :217 - Enter assign address W10, drf to assignAddress field [[ChromeDriver: chrome on WINDOWS (4cf002f73b2c2096c1280c2ece0ecea2)] -> xpath: //input[@id='alias']]
2022-05-19 22:05:692 INFO  CreateAccountPage :222 - Clicking on registerButton [[ChromeDriver: chrome on WINDOWS (4cf002f73b2c2096c1280c2ece0ecea2)] -> xpath: //body[1]/div[1]/div[2]/div[1]/div[3]/div[1]/div[1]/form[1]/div[4]/button[1]/span[1]]
2022-05-19 22:05:710 INFO  MyAccount :23 - getting my Account text [[ChromeDriver: chrome on WINDOWS (4cf002f73b2c2096c1280c2ece0ecea2)] -> xpath: //h1[contains(text(),'My account')]]
2022-05-19 22:05:374 INFO  ManageDriver :30 - Launching Chrome Browser
2022-05-19 22:05:405 INFO  HomePage :53 - Clicking on signIn [[ChromeDriver: chrome on WINDOWS (7e03daff3f537a8bbb580ef35437cc1c)] -> xpath: //a[contains(text(),'Sign in')]]
2022-05-19 22:05:427 INFO  SignInPage :75 - getting authentication text [[ChromeDriver: chrome on WINDOWS (7e03daff3f537a8bbb580ef35437cc1c)] -> xpath: //h1[contains(text(),'Authentication')]]
2022-05-19 22:05:641 INFO  ManageDriver :30 - Launching Chrome Browser
2022-05-19 22:05:438 INFO  HomePage :53 - Clicking on signIn [[ChromeDriver: chrome on WINDOWS (552a412f750ebe0c2b88b94155d539ee)] -> xpath: //a[contains(text(),'Sign in')]]
2022-05-19 22:05:518 INFO  SignInPage :56 - Enter email  to email field [[ChromeDriver: chrome on WINDOWS (552a412f750ebe0c2b88b94155d539ee)] -> xpath: //input[@id='email']]
2022-05-19 22:05:619 INFO  SignInPage :61 - Enter password 123456 to password field [[ChromeDriver: chrome on WINDOWS (552a412f750ebe0c2b88b94155d539ee)] -> xpath: //input[@id='passwd']]
2022-05-19 22:05:908 INFO  SignInPage :66 - Clicking on signInButton [[ChromeDriver: chrome on WINDOWS (552a412f750ebe0c2b88b94155d539ee)] -> xpath: //body[1]/div[1]/div[2]/div[1]/div[3]/div[1]/div[1]/div[2]/form[1]/div[1]/p[2]/button[1]/span[1]]
2022-05-19 22:05:928 INFO  SignInPage :100 - getting errorMessage text [[ChromeDriver: chrome on WINDOWS (552a412f750ebe0c2b88b94155d539ee)] -> xpath: //div[@class='alert alert-danger']//li]
2022-05-19 22:05:161 INFO  ManageDriver :30 - Launching Chrome Browser
2022-05-19 22:05:361 INFO  HomePage :53 - Clicking on signIn [[ChromeDriver: chrome on WINDOWS (03e2a67eaade03bf9b96e5efb2e93831)] -> xpath: //a[contains(text(),'Sign in')]]
2022-05-19 22:05:455 INFO  SignInPage :56 - Enter email abcd@gmail.com to email field [[ChromeDriver: chrome on WINDOWS (03e2a67eaade03bf9b96e5efb2e93831)] -> xpath: //input[@id='email']]
2022-05-19 22:05:511 INFO  SignInPage :61 - Enter password  to password field [[ChromeDriver: chrome on WINDOWS (03e2a67eaade03bf9b96e5efb2e93831)] -> xpath: //input[@id='passwd']]
2022-05-19 22:05:437 INFO  SignInPage :66 - Clicking on signInButton [[ChromeDriver: chrome on WINDOWS (03e2a67eaade03bf9b96e5efb2e93831)] -> xpath: //body[1]/div[1]/div[2]/div[1]/div[3]/div[1]/div[1]/div[2]/form[1]/div[1]/p[2]/button[1]/span[1]]
2022-05-19 22:05:457 INFO  SignInPage :100 - getting errorMessage text [[ChromeDriver: chrome on WINDOWS (03e2a67eaade03bf9b96e5efb2e93831)] -> xpath: //div[@class='alert alert-danger']//li]
2022-05-19 22:05:753 INFO  ManageDriver :30 - Launching Chrome Browser
2022-05-19 22:05:78 INFO  HomePage :53 - Clicking on signIn [[ChromeDriver: chrome on WINDOWS (c14e245135ced11de287b92229a99c69)] -> xpath: //a[contains(text(),'Sign in')]]
2022-05-19 22:05:141 INFO  SignInPage :56 - Enter email adfdfgfg to email field [[ChromeDriver: chrome on WINDOWS (c14e245135ced11de287b92229a99c69)] -> xpath: //input[@id='email']]
2022-05-19 22:05:204 INFO  SignInPage :61 - Enter password 123456 to password field [[ChromeDriver: chrome on WINDOWS (c14e245135ced11de287b92229a99c69)] -> xpath: //input[@id='passwd']]
2022-05-19 22:05:691 INFO  SignInPage :66 - Clicking on signInButton [[ChromeDriver: chrome on WINDOWS (c14e245135ced11de287b92229a99c69)] -> xpath: //body[1]/div[1]/div[2]/div[1]/div[3]/div[1]/div[1]/div[2]/form[1]/div[1]/p[2]/button[1]/span[1]]
2022-05-19 22:05:709 INFO  SignInPage :100 - getting errorMessage text [[ChromeDriver: chrome on WINDOWS (c14e245135ced11de287b92229a99c69)] -> xpath: //div[@class='alert alert-danger']//li]
2022-05-19 22:05:928 INFO  ManageDriver :30 - Launching Chrome Browser
2022-05-19 22:05:708 INFO  HomePage :53 - Clicking on signIn [[ChromeDriver: chrome on WINDOWS (ffdaaa2bdf0ef2e17c6eae8097330a8b)] -> xpath: //a[contains(text(),'Sign in')]]
2022-05-19 22:05:854 INFO  SignInPage :56 - Enter email abcd@gmail.com to email field [[ChromeDriver: chrome on WINDOWS (ffdaaa2bdf0ef2e17c6eae8097330a8b)] -> xpath: //input[@id='email']]
2022-05-19 22:05:978 INFO  SignInPage :61 - Enter password 123456 to password field [[ChromeDriver: chrome on WINDOWS (ffdaaa2bdf0ef2e17c6eae8097330a8b)] -> xpath: //input[@id='passwd']]
2022-05-19 22:05:873 INFO  SignInPage :66 - Clicking on signInButton [[ChromeDriver: chrome on WINDOWS (ffdaaa2bdf0ef2e17c6eae8097330a8b)] -> xpath: //body[1]/div[1]/div[2]/div[1]/div[3]/div[1]/div[1]/div[2]/form[1]/div[1]/p[2]/button[1]/span[1]]
2022-05-19 22:05:894 INFO  SignInPage :100 - getting errorMessage text [[ChromeDriver: chrome on WINDOWS (ffdaaa2bdf0ef2e17c6eae8097330a8b)] -> xpath: //div[@class='alert alert-danger']//li]
2022-05-19 22:05:144 INFO  ManageDriver :30 - Launching Chrome Browser
2022-05-19 22:05:808 INFO  HomePage :53 - Clicking on signIn [[ChromeDriver: chrome on WINDOWS (3fe145524c30f38b9ed74a3985fb9185)] -> xpath: //a[contains(text(),'Sign in')]]
2022-05-19 22:05:990 INFO  SignInPage :56 - Enter email ram1123@gmail.com to email field [[ChromeDriver: chrome on WINDOWS (3fe145524c30f38b9ed74a3985fb9185)] -> xpath: //input[@id='email']]
2022-05-19 22:05:118 INFO  SignInPage :61 - Enter password 123456 to password field [[ChromeDriver: chrome on WINDOWS (3fe145524c30f38b9ed74a3985fb9185)] -> xpath: //input[@id='passwd']]
2022-05-19 22:05:460 INFO  SignInPage :66 - Clicking on signInButton [[ChromeDriver: chrome on WINDOWS (3fe145524c30f38b9ed74a3985fb9185)] -> xpath: //body[1]/div[1]/div[2]/div[1]/div[3]/div[1]/div[1]/div[2]/form[1]/div[1]/p[2]/button[1]/span[1]]
2022-05-19 22:05:485 INFO  Account :24 - getting signout text [[ChromeDriver: chrome on WINDOWS (3fe145524c30f38b9ed74a3985fb9185)] -> xpath: //header/div[2]/div[1]/div[1]/nav[1]/div[2]/a[1]]
2022-05-19 22:05:807 INFO  ManageDriver :30 - Launching Chrome Browser
2022-05-19 22:05:375 INFO  HomePage :53 - Clicking on signIn [[ChromeDriver: chrome on WINDOWS (bb19bfd1c9a839c4b1650ce98a091a23)] -> xpath: //a[contains(text(),'Sign in')]]
2022-05-19 22:05:470 INFO  SignInPage :56 - Enter email ram1123@gmail.com to email field [[ChromeDriver: chrome on WINDOWS (bb19bfd1c9a839c4b1650ce98a091a23)] -> xpath: //input[@id='email']]
2022-05-19 22:05:547 INFO  SignInPage :61 - Enter password 123456 to password field [[ChromeDriver: chrome on WINDOWS (bb19bfd1c9a839c4b1650ce98a091a23)] -> xpath: //input[@id='passwd']]
2022-05-19 22:05:862 INFO  SignInPage :66 - Clicking on signInButton [[ChromeDriver: chrome on WINDOWS (bb19bfd1c9a839c4b1650ce98a091a23)] -> xpath: //body[1]/div[1]/div[2]/div[1]/div[3]/div[1]/div[1]/div[2]/form[1]/div[1]/p[2]/button[1]/span[1]]
2022-05-19 22:05:307 INFO  Account :29 - Clicking on signOutLink [[ChromeDriver: chrome on WINDOWS (bb19bfd1c9a839c4b1650ce98a091a23)] -> xpath: //header/div[2]/div[1]/div[1]/nav[1]/div[2]/a[1]]
2022-05-19 22:05:319 INFO  HomePage :60 - verifySignInButton text [[ChromeDriver: chrome on WINDOWS (bb19bfd1c9a839c4b1650ce98a091a23)] -> xpath: //header/div[3]/div[1]/div[1]/div[1]/a[1]/img[1]]
2022-05-19 22:05:685 INFO  ManageDriver :30 - Launching Chrome Browser
2022-05-19 22:05:698 INFO  HomePage :53 - Clicking on signIn [[ChromeDriver: chrome on WINDOWS (1d599c0e69a121455f07d479b4411239)] -> xpath: //a[contains(text(),'Sign in')]]
2022-05-19 22:05:894 INFO  SignInPage :89 - Enter email Ram to email field [[ChromeDriver: chrome on WINDOWS (1d599c0e69a121455f07d479b4411239)] -> xpath: //input[@id='email_create']]
2022-05-19 22:05:993 INFO  SignInPage :71 - Clicking on createAnAccountButton [[ChromeDriver: chrome on WINDOWS (1d599c0e69a121455f07d479b4411239)] -> xpath: //body[1]/div[1]/div[2]/div[1]/div[3]/div[1]/div[1]/div[1]/form[1]/div[1]/div[3]/button[1]/span[1]]
2022-05-19 22:05:73 INFO  CreateAccountPage :111 - Clicking on title button [[ChromeDriver: chrome on WINDOWS (1d599c0e69a121455f07d479b4411239)] -> xpath: //input[@id='id_gender1']]
2022-05-19 22:05:342 INFO  CreateAccountPage :116 - Enter firstname Bellato firstName field [[ChromeDriver: chrome on WINDOWS (1d599c0e69a121455f07d479b4411239)] -> xpath: //input[@id='customer_firstname']]
2022-05-19 22:05:535 INFO  CreateAccountPage :121 - Enter lastName Shahto lastName field [[ChromeDriver: chrome on WINDOWS (1d599c0e69a121455f07d479b4411239)] -> xpath: //input[@id='customer_lastname']]
2022-05-19 22:05:824 INFO  CreateAccountPage :131 - Enter passField 12345678 to password field [[ChromeDriver: chrome on WINDOWS (1d599c0e69a121455f07d479b4411239)] -> xpath: //input[@id='passwd']]
2022-05-19 22:05:29 INFO  CreateAccountPage :136 - Selecting day 6 from dropdown [[ChromeDriver: chrome on WINDOWS (1d599c0e69a121455f07d479b4411239)] -> xpath: //select[@id='days']]
2022-05-19 22:05:301 INFO  CreateAccountPage :141 - Selecting month 6 from dropdown [[ChromeDriver: chrome on WINDOWS (1d599c0e69a121455f07d479b4411239)] -> xpath: //select[@id='months']]
2022-05-19 22:05:545 INFO  CreateAccountPage :146 - Selecting year 1995 from dropdown [[ChromeDriver: chrome on WINDOWS (1d599c0e69a121455f07d479b4411239)] -> xpath: //select[@id='years']]
2022-05-19 22:05:781 INFO  CreateAccountPage :151 - Clicking on newsletterbox [[ChromeDriver: chrome on WINDOWS (1d599c0e69a121455f07d479b4411239)] -> xpath: //input[@id='newsletter']]
2022-05-19 22:05:956 INFO  CreateAccountPage :156 - Clicking on receiveOfferBox [[ChromeDriver: chrome on WINDOWS (1d599c0e69a121455f07d479b4411239)] -> xpath: //input[@id='optin']]
2022-05-19 22:05:150 INFO  CreateAccountPage :171 - Enter company abc to company field [[ChromeDriver: chrome on WINDOWS (1d599c0e69a121455f07d479b4411239)] -> xpath: //input[@id='company']]
2022-05-19 22:05:380 INFO  CreateAccountPage :176 - Enter address 19, Beats to email field [[ChromeDriver: chrome on WINDOWS (1d599c0e69a121455f07d479b4411239)] -> xpath: //input[@id='address1']]
2022-05-19 22:05:538 INFO  CreateAccountPage :181 - Enter address 10S to email field [[ChromeDriver: chrome on WINDOWS (1d599c0e69a121455f07d479b4411239)] -> xpath: //input[@id='address2']]
2022-05-19 22:05:772 INFO  CreateAccountPage :186 - Enter city Rom to city field [[ChromeDriver: chrome on WINDOWS (1d599c0e69a121455f07d479b4411239)] -> xpath: //input[@id='city']]
2022-05-19 22:05:954 INFO  CreateAccountPage :191 - Selecting state 3 from dropdown [[ChromeDriver: chrome on WINDOWS (1d599c0e69a121455f07d479b4411239)] -> xpath: //select[@id='id_state']]
2022-05-19 22:05:206 INFO  CreateAccountPage :196 - Enter zip 12345 to email field [[ChromeDriver: chrome on WINDOWS (1d599c0e69a121455f07d479b4411239)] -> xpath: //input[@id='postcode']]
2022-05-19 22:05:339 INFO  CreateAccountPage :201 - Selecting country United States from dropdown [[ChromeDriver: chrome on WINDOWS (1d599c0e69a121455f07d479b4411239)] -> xpath: //select[@id='id_country']]
2022-05-19 22:05:574 INFO  CreateAccountPage :206 - Enter home phone 996644002 to home phone field [[ChromeDriver: chrome on WINDOWS (1d599c0e69a121455f07d479b4411239)] -> xpath: //input[@id='phone']]
2022-05-19 22:05:701 INFO  CreateAccountPage :211 - Enter mobile phone 9966440022 to mobile phone field [[ChromeDriver: chrome on WINDOWS (1d599c0e69a121455f07d479b4411239)] -> xpath: //input[@id='phone_mobile']]
2022-05-19 22:05:902 INFO  CreateAccountPage :216 - Enter assign address W10, drf to assignAddress field [[ChromeDriver: chrome on WINDOWS (1d599c0e69a121455f07d479b4411239)] -> xpath: //input[@id='alias']]
2022-05-19 22:05:436 INFO  CreateAccountPage :221 - Clicking on registerButton [[ChromeDriver: chrome on WINDOWS (1d599c0e69a121455f07d479b4411239)] -> xpath: //body[1]/div[1]/div[2]/div[1]/div[3]/div[1]/div[1]/form[1]/div[4]/button[1]/span[1]]
2022-05-19 22:05:463 INFO  MyAccount :23 - getting my Account text [[ChromeDriver: chrome on WINDOWS (1d599c0e69a121455f07d479b4411239)] -> xpath: //h1[contains(text(),'My account')]]
2022-05-19 22:05:725 INFO  ManageDriver :30 - Launching Chrome Browser
2022-05-19 22:05:116 INFO  HomePage :53 - Clicking on signIn [[ChromeDriver: chrome on WINDOWS (9525c661b638f073e7958b931f26c1f9)] -> xpath: //a[contains(text(),'Sign in')]]
2022-05-19 22:05:146 INFO  SignInPage :75 - getting authentication text [[ChromeDriver: chrome on WINDOWS (9525c661b638f073e7958b931f26c1f9)] -> xpath: //h1[contains(text(),'Authentication')]]
2022-05-19 22:05:614 INFO  ManageDriver :30 - Launching Chrome Browser
2022-05-19 22:05:806 INFO  HomePage :53 - Clicking on signIn [[ChromeDriver: chrome on WINDOWS (bcb6f61f7d9df8a39ff600d582b14407)] -> xpath: //a[contains(text(),'Sign in')]]
2022-05-19 22:05:939 INFO  SignInPage :56 - Enter email  to email field [[ChromeDriver: chrome on WINDOWS (bcb6f61f7d9df8a39ff600d582b14407)] -> xpath: //input[@id='email']]
2022-05-19 22:05:174 INFO  SignInPage :61 - Enter password 123456 to password field [[ChromeDriver: chrome on WINDOWS (bcb6f61f7d9df8a39ff600d582b14407)] -> xpath: //input[@id='passwd']]
2022-05-19 22:05:818 INFO  SignInPage :66 - Clicking on signInButton [[ChromeDriver: chrome on WINDOWS (bcb6f61f7d9df8a39ff600d582b14407)] -> xpath: //body[1]/div[1]/div[2]/div[1]/div[3]/div[1]/div[1]/div[2]/form[1]/div[1]/p[2]/button[1]/span[1]]
2022-05-19 22:05:834 INFO  SignInPage :100 - getting errorMessage text [[ChromeDriver: chrome on WINDOWS (bcb6f61f7d9df8a39ff600d582b14407)] -> xpath: //div[@class='alert alert-danger']//li]
2022-05-19 22:05:858 INFO  ManageDriver :30 - Launching Chrome Browser
2022-05-19 22:05:587 INFO  HomePage :53 - Clicking on signIn [[ChromeDriver: chrome on WINDOWS (e912c9af807df1f20ff6092b26166a47)] -> xpath: //a[contains(text(),'Sign in')]]
2022-05-19 22:05:744 INFO  SignInPage :56 - Enter email abcd@gmail.com to email field [[ChromeDriver: chrome on WINDOWS (e912c9af807df1f20ff6092b26166a47)] -> xpath: //input[@id='email']]
2022-05-19 22:05:818 INFO  SignInPage :61 - Enter password  to password field [[ChromeDriver: chrome on WINDOWS (e912c9af807df1f20ff6092b26166a47)] -> xpath: //input[@id='passwd']]
2022-05-19 22:05:995 INFO  SignInPage :66 - Clicking on signInButton [[ChromeDriver: chrome on WINDOWS (e912c9af807df1f20ff6092b26166a47)] -> xpath: //body[1]/div[1]/div[2]/div[1]/div[3]/div[1]/div[1]/div[2]/form[1]/div[1]/p[2]/button[1]/span[1]]
2022-05-19 22:05:13 INFO  SignInPage :100 - getting errorMessage text [[ChromeDriver: chrome on WINDOWS (e912c9af807df1f20ff6092b26166a47)] -> xpath: //div[@class='alert alert-danger']//li]
2022-05-19 22:05:87 INFO  ManageDriver :30 - Launching Chrome Browser
2022-05-19 22:05:601 INFO  HomePage :53 - Clicking on signIn [[ChromeDriver: chrome on WINDOWS (7bd65ef4ae7c45a3b9d698e7340b0949)] -> xpath: //a[contains(text(),'Sign in')]]
2022-05-19 22:05:735 INFO  SignInPage :56 - Enter email adfdfgfg to email field [[ChromeDriver: chrome on WINDOWS (7bd65ef4ae7c45a3b9d698e7340b0949)] -> xpath: //input[@id='email']]
2022-05-19 22:05:885 INFO  SignInPage :61 - Enter password 123456 to password field [[ChromeDriver: chrome on WINDOWS (7bd65ef4ae7c45a3b9d698e7340b0949)] -> xpath: //input[@id='passwd']]
2022-05-19 22:05:479 INFO  SignInPage :66 - Clicking on signInButton [[ChromeDriver: chrome on WINDOWS (7bd65ef4ae7c45a3b9d698e7340b0949)] -> xpath: //body[1]/div[1]/div[2]/div[1]/div[3]/div[1]/div[1]/div[2]/form[1]/div[1]/p[2]/button[1]/span[1]]
2022-05-19 22:05:537 INFO  SignInPage :100 - getting errorMessage text [[ChromeDriver: chrome on WINDOWS (7bd65ef4ae7c45a3b9d698e7340b0949)] -> xpath: //div[@class='alert alert-danger']//li]
2022-05-19 22:05:843 INFO  ManageDriver :30 - Launching Chrome Browser
2022-05-19 22:05:287 INFO  HomePage :53 - Clicking on signIn [[ChromeDriver: chrome on WINDOWS (d48bd5f826c66d432abff47679ad8046)] -> xpath: //a[contains(text(),'Sign in')]]
2022-05-19 22:05:548 INFO  SignInPage :56 - Enter email abcd@gmail.com to email field [[ChromeDriver: chrome on WINDOWS (d48bd5f826c66d432abff47679ad8046)] -> xpath: //input[@id='email']]
2022-05-19 22:05:706 INFO  SignInPage :61 - Enter password 123456 to password field [[ChromeDriver: chrome on WINDOWS (d48bd5f826c66d432abff47679ad8046)] -> xpath: //input[@id='passwd']]
2022-05-19 22:05:585 INFO  SignInPage :66 - Clicking on signInButton [[ChromeDriver: chrome on WINDOWS (d48bd5f826c66d432abff47679ad8046)] -> xpath: //body[1]/div[1]/div[2]/div[1]/div[3]/div[1]/div[1]/div[2]/form[1]/div[1]/p[2]/button[1]/span[1]]
2022-05-19 22:05:611 INFO  SignInPage :100 - getting errorMessage text [[ChromeDriver: chrome on WINDOWS (d48bd5f826c66d432abff47679ad8046)] -> xpath: //div[@class='alert alert-danger']//li]
2022-05-19 22:05:790 INFO  ManageDriver :30 - Launching Chrome Browser
2022-05-19 22:05:976 INFO  HomePage :53 - Clicking on signIn [[ChromeDriver: chrome on WINDOWS (99cc11a3c88068913bf37157b12a2581)] -> xpath: //a[contains(text(),'Sign in')]]
2022-05-19 22:05:124 INFO  SignInPage :56 - Enter email ram1123@gmail.com to email field [[ChromeDriver: chrome on WINDOWS (99cc11a3c88068913bf37157b12a2581)] -> xpath: //input[@id='email']]
2022-05-19 22:05:237 INFO  SignInPage :61 - Enter password 123456 to password field [[ChromeDriver: chrome on WINDOWS (99cc11a3c88068913bf37157b12a2581)] -> xpath: //input[@id='passwd']]
2022-05-19 22:05:853 INFO  SignInPage :66 - Clicking on signInButton [[ChromeDriver: chrome on WINDOWS (99cc11a3c88068913bf37157b12a2581)] -> xpath: //body[1]/div[1]/div[2]/div[1]/div[3]/div[1]/div[1]/div[2]/form[1]/div[1]/p[2]/button[1]/span[1]]
2022-05-19 22:05:872 INFO  Account :24 - getting signout text [[ChromeDriver: chrome on WINDOWS (99cc11a3c88068913bf37157b12a2581)] -> xpath: //header/div[2]/div[1]/div[1]/nav[1]/div[2]/a[1]]
2022-05-19 22:05:954 INFO  ManageDriver :30 - Launching Chrome Browser
2022-05-19 22:05:239 INFO  HomePage :53 - Clicking on signIn [[ChromeDriver: chrome on WINDOWS (fd0d7cce1a1da47be1c662cfba9e6bb0)] -> xpath: //a[contains(text(),'Sign in')]]
2022-05-19 22:05:393 INFO  SignInPage :56 - Enter email ram1123@gmail.com to email field [[ChromeDriver: chrome on WINDOWS (fd0d7cce1a1da47be1c662cfba9e6bb0)] -> xpath: //input[@id='email']]
2022-05-19 22:05:556 INFO  SignInPage :61 - Enter password 123456 to password field [[ChromeDriver: chrome on WINDOWS (fd0d7cce1a1da47be1c662cfba9e6bb0)] -> xpath: //input[@id='passwd']]
2022-05-19 22:05:494 INFO  SignInPage :66 - Clicking on signInButton [[ChromeDriver: chrome on WINDOWS (fd0d7cce1a1da47be1c662cfba9e6bb0)] -> xpath: //body[1]/div[1]/div[2]/div[1]/div[3]/div[1]/div[1]/div[2]/form[1]/div[1]/p[2]/button[1]/span[1]]
2022-05-19 22:05:468 INFO  Account :29 - Clicking on signOutLink [[ChromeDriver: chrome on WINDOWS (fd0d7cce1a1da47be1c662cfba9e6bb0)] -> xpath: //header/div[2]/div[1]/div[1]/nav[1]/div[2]/a[1]]
2022-05-19 22:05:499 INFO  HomePage :60 - verifySignInButton text [[ChromeDriver: chrome on WINDOWS (fd0d7cce1a1da47be1c662cfba9e6bb0)] -> xpath: //header/div[3]/div[1]/div[1]/div[1]/a[1]/img[1]]
2022-05-19 22:05:464 INFO  ManageDriver :30 - Launching Chrome Browser
2022-05-19 22:05:718 INFO  HomePage :41 - Clicking on woman [[ChromeDriver: chrome on WINDOWS (8b662481744ab2f6fd3f85423725b54b)] -> xpath: //header/div[3]/div[1]/div[1]/div[6]/ul[1]/li[1]/a[1]]
2022-05-19 22:05:745 INFO  WomenCategoryPage :58 - getting women Text [[ChromeDriver: chrome on WINDOWS (8b662481744ab2f6fd3f85423725b54b)] -> xpath: //h2[contains(text(),'Women')]]
2022-05-19 22:05:225 INFO  ManageDriver :30 - Launching Chrome Browser
2022-05-19 22:05:545 INFO  HomePage :41 - Clicking on woman [[ChromeDriver: chrome on WINDOWS (fb2cba0559febee0771ede7b7b743b27)] -> xpath: //header/div[3]/div[1]/div[1]/div[6]/ul[1]/li[1]/a[1]]
2022-05-19 22:05:91 INFO  WomenCategoryPage :86 - Selecting Product Blouse from dropdown [[ChromeDriver: chrome on WINDOWS (fb2cba0559febee0771ede7b7b743b27)] -> xpath: //h5//a[@title='Blouse']]
2022-05-19 22:05:144 INFO  ProductPage :85 - Clearing quantity [[ChromeDriver: chrome on WINDOWS (fb2cba0559febee0771ede7b7b743b27)] -> xpath: //input[@id='quantity_wanted']]
2022-05-19 22:05:199 INFO  ProductPage :90 - Enter quantity [[ChromeDriver: chrome on WINDOWS (fb2cba0559febee0771ede7b7b743b27)] -> xpath: //input[@id='quantity_wanted']] to quantity field [[ChromeDriver: chrome on WINDOWS (fb2cba0559febee0771ede7b7b743b27)] -> xpath: //input[@id='quantity_wanted']]
2022-05-19 22:05:217 INFO  ProductPage :59 - Selecting colour M from dropdown [[ChromeDriver: chrome on WINDOWS (fb2cba0559febee0771ede7b7b743b27)] -> xpath: //select[@id='group_1']]
2022-05-19 22:05:375 INFO  ProductPage :70 - Clicking on addToCart [[ChromeDriver: chrome on WINDOWS (fb2cba0559febee0771ede7b7b743b27)] -> xpath: //span[contains(text(),'Add to cart')]]
2022-05-19 22:05:396 INFO  ProductPage :74 - getting product Success text [[ChromeDriver: chrome on WINDOWS (fb2cba0559febee0771ede7b7b743b27)] -> xpath: //div[@class='layer_cart_product col-xs-12 col-md-6']]
2022-05-19 22:05:567 INFO  ProductPage :80 - Clicking on crossSign [[ChromeDriver: chrome on WINDOWS (fb2cba0559febee0771ede7b7b743b27)] -> xpath: //header/div[3]/div[1]/div[1]/div[4]/div[1]/div[1]/span[1]]
2022-05-19 22:05:382 INFO  ManageDriver :30 - Launching Chrome Browser
2022-05-19 22:05:411 INFO  HomePage :41 - Clicking on woman [[ChromeDriver: chrome on WINDOWS (33f2f86226ff8cbf824faf2fca52ae7b)] -> xpath: //header/div[3]/div[1]/div[1]/div[6]/ul[1]/li[1]/a[1]]
2022-05-19 22:05:647 INFO  WomenCategoryPage :90 - Selecting Product Printed Dress from dropdown [[ChromeDriver: chrome on WINDOWS (33f2f86226ff8cbf824faf2fca52ae7b)] -> xpath: //body/div[@id='page']/div[2]/div[1]/div[3]/div[2]/ul[1]/li[3]/div[1]/div[2]/h5[1]/a[1]]
2022-05-19 22:05:696 INFO  ProductPage :85 - Clearing quantity [[ChromeDriver: chrome on WINDOWS (33f2f86226ff8cbf824faf2fca52ae7b)] -> xpath: //input[@id='quantity_wanted']]
2022-05-19 22:05:738 INFO  ProductPage :90 - Enter quantity [[ChromeDriver: chrome on WINDOWS (33f2f86226ff8cbf824faf2fca52ae7b)] -> xpath: //input[@id='quantity_wanted']] to quantity field [[ChromeDriver: chrome on WINDOWS (33f2f86226ff8cbf824faf2fca52ae7b)] -> xpath: //input[@id='quantity_wanted']]
2022-05-19 22:05:755 INFO  ProductPage :59 - Selecting colour L from dropdown [[ChromeDriver: chrome on WINDOWS (33f2f86226ff8cbf824faf2fca52ae7b)] -> xpath: //select[@id='group_1']]
2022-05-19 22:05:921 INFO  ProductPage :70 - Clicking on addToCart [[ChromeDriver: chrome on WINDOWS (33f2f86226ff8cbf824faf2fca52ae7b)] -> xpath: //span[contains(text(),'Add to cart')]]
2022-05-19 22:05:942 INFO  ProductPage :74 - getting product Success text [[ChromeDriver: chrome on WINDOWS (33f2f86226ff8cbf824faf2fca52ae7b)] -> xpath: //div[@class='layer_cart_product col-xs-12 col-md-6']]
2022-05-19 22:05:667 INFO  ProductPage :80 - Clicking on crossSign [[ChromeDriver: chrome on WINDOWS (33f2f86226ff8cbf824faf2fca52ae7b)] -> xpath: //header/div[3]/div[1]/div[1]/div[4]/div[1]/div[1]/span[1]]
2022-05-19 22:05:495 INFO  ManageDriver :30 - Launching Chrome Browser
2022-05-19 22:05:477 INFO  HomePage :41 - Clicking on woman [[ChromeDriver: chrome on WINDOWS (f3683d35a312c368d213177263f7b033)] -> xpath: //header/div[3]/div[1]/div[1]/div[6]/ul[1]/li[1]/a[1]]
2022-05-19 22:05:492 INFO  WomenCategoryPage :94 - Selecting Product Printed Chiffon Dress from dropdown [[ChromeDriver: chrome on WINDOWS (f3683d35a312c368d213177263f7b033)] -> xpath: //h5//a[@title='Printed Chiffon Dress']]
2022-05-19 22:05:536 INFO  ProductPage :85 - Clearing quantity [[ChromeDriver: chrome on WINDOWS (f3683d35a312c368d213177263f7b033)] -> xpath: //input[@id='quantity_wanted']]
2022-05-19 22:05:589 INFO  ProductPage :90 - Enter quantity [[ChromeDriver: chrome on WINDOWS (f3683d35a312c368d213177263f7b033)] -> xpath: //input[@id='quantity_wanted']] to quantity field [[ChromeDriver: chrome on WINDOWS (f3683d35a312c368d213177263f7b033)] -> xpath: //input[@id='quantity_wanted']]
2022-05-19 22:05:604 INFO  ProductPage :59 - Selecting colour S from dropdown [[ChromeDriver: chrome on WINDOWS (f3683d35a312c368d213177263f7b033)] -> xpath: //select[@id='group_1']]
2022-05-19 22:05:697 INFO  ProductPage :70 - Clicking on addToCart [[ChromeDriver: chrome on WINDOWS (f3683d35a312c368d213177263f7b033)] -> xpath: //span[contains(text(),'Add to cart')]]
2022-05-19 22:05:721 INFO  ProductPage :74 - getting product Success text [[ChromeDriver: chrome on WINDOWS (f3683d35a312c368d213177263f7b033)] -> xpath: //div[@class='layer_cart_product col-xs-12 col-md-6']]
2022-05-19 22:05:509 INFO  ProductPage :80 - Clicking on crossSign [[ChromeDriver: chrome on WINDOWS (f3683d35a312c368d213177263f7b033)] -> xpath: //header/div[3]/div[1]/div[1]/div[4]/div[1]/div[1]/span[1]]
2022-05-19 22:05:393 INFO  ManageDriver :30 - Launching Chrome Browser
2022-05-19 22:05:555 INFO  HomePage :41 - Clicking on woman [[ChromeDriver: chrome on WINDOWS (d308351c1212c385fa31c281f17ece2f)] -> xpath: //header/div[3]/div[1]/div[1]/div[6]/ul[1]/li[1]/a[1]]
2022-05-19 22:05:24 INFO  WomenCategoryPage :98 - Selecting Product Printed Summer Dress with Price $28.98 from dropdown [[ChromeDriver: chrome on WINDOWS (d308351c1212c385fa31c281f17ece2f)] -> xpath: //body/div[@id='page']/div[2]/div[1]/div[3]/div[2]/ul[1]/li[5]/div[1]/div[2]/h5[1]/a[1]]
2022-05-19 22:05:82 INFO  ProductPage :85 - Clearing quantity [[ChromeDriver: chrome on WINDOWS (d308351c1212c385fa31c281f17ece2f)] -> xpath: //input[@id='quantity_wanted']]
2022-05-19 22:05:134 INFO  ProductPage :90 - Enter quantity [[ChromeDriver: chrome on WINDOWS (d308351c1212c385fa31c281f17ece2f)] -> xpath: //input[@id='quantity_wanted']] to quantity field [[ChromeDriver: chrome on WINDOWS (d308351c1212c385fa31c281f17ece2f)] -> xpath: //input[@id='quantity_wanted']]
2022-05-19 22:05:151 INFO  ProductPage :59 - Selecting colour M from dropdown [[ChromeDriver: chrome on WINDOWS (d308351c1212c385fa31c281f17ece2f)] -> xpath: //select[@id='group_1']]
2022-05-19 22:05:378 INFO  ProductPage :70 - Clicking on addToCart [[ChromeDriver: chrome on WINDOWS (d308351c1212c385fa31c281f17ece2f)] -> xpath: //span[contains(text(),'Add to cart')]]
2022-05-19 22:05:449 INFO  ProductPage :74 - getting product Success text [[ChromeDriver: chrome on WINDOWS (d308351c1212c385fa31c281f17ece2f)] -> xpath: //div[@class='layer_cart_product col-xs-12 col-md-6']]
2022-05-19 22:05:508 INFO  ProductPage :80 - Clicking on crossSign [[ChromeDriver: chrome on WINDOWS (d308351c1212c385fa31c281f17ece2f)] -> xpath: //header/div[3]/div[1]/div[1]/div[4]/div[1]/div[1]/span[1]]
2022-05-19 22:05:735 INFO  ManageDriver :30 - Launching Chrome Browser
2022-05-19 22:05:509 INFO  HomePage :53 - Clicking on signIn [[ChromeDriver: chrome on WINDOWS (d316967d31b786278305b43217efaafc)] -> xpath: //a[contains(text(),'Sign in')]]
2022-05-19 22:05:675 INFO  SignInPage :89 - Enter email Ram to email field [[ChromeDriver: chrome on WINDOWS (d316967d31b786278305b43217efaafc)] -> xpath: //input[@id='email_create']]
2022-05-19 22:05:739 INFO  SignInPage :71 - Clicking on createAnAccountButton [[ChromeDriver: chrome on WINDOWS (d316967d31b786278305b43217efaafc)] -> xpath: //body[1]/div[1]/div[2]/div[1]/div[3]/div[1]/div[1]/div[1]/form[1]/div[1]/div[3]/button[1]/span[1]]
2022-05-19 22:05:44 INFO  CreateAccountPage :111 - Clicking on title button [[ChromeDriver: chrome on WINDOWS (d316967d31b786278305b43217efaafc)] -> xpath: //input[@id='id_gender1']]
2022-05-19 22:05:138 INFO  CreateAccountPage :116 - Enter firstname Bellato firstName field [[ChromeDriver: chrome on WINDOWS (d316967d31b786278305b43217efaafc)] -> xpath: //input[@id='customer_firstname']]
2022-05-19 22:05:243 INFO  CreateAccountPage :121 - Enter lastName Shahto lastName field [[ChromeDriver: chrome on WINDOWS (d316967d31b786278305b43217efaafc)] -> xpath: //input[@id='customer_lastname']]
2022-05-19 22:05:339 INFO  CreateAccountPage :131 - Enter passField 12345678 to password field [[ChromeDriver: chrome on WINDOWS (d316967d31b786278305b43217efaafc)] -> xpath: //input[@id='passwd']]
2022-05-19 22:05:426 INFO  CreateAccountPage :136 - Selecting day 6 from dropdown [[ChromeDriver: chrome on WINDOWS (d316967d31b786278305b43217efaafc)] -> xpath: //select[@id='days']]
2022-05-19 22:05:552 INFO  CreateAccountPage :141 - Selecting month 6 from dropdown [[ChromeDriver: chrome on WINDOWS (d316967d31b786278305b43217efaafc)] -> xpath: //select[@id='months']]
2022-05-19 22:05:753 INFO  CreateAccountPage :146 - Selecting year 1995 from dropdown [[ChromeDriver: chrome on WINDOWS (d316967d31b786278305b43217efaafc)] -> xpath: //select[@id='years']]
2022-05-19 22:05:835 INFO  CreateAccountPage :151 - Clicking on newsletterbox [[ChromeDriver: chrome on WINDOWS (d316967d31b786278305b43217efaafc)] -> xpath: //input[@id='newsletter']]
2022-05-19 22:05:909 INFO  CreateAccountPage :156 - Clicking on receiveOfferBox [[ChromeDriver: chrome on WINDOWS (d316967d31b786278305b43217efaafc)] -> xpath: //input[@id='optin']]
2022-05-19 22:05:16 INFO  CreateAccountPage :171 - Enter company abc to company field [[ChromeDriver: chrome on WINDOWS (d316967d31b786278305b43217efaafc)] -> xpath: //input[@id='company']]
2022-05-19 22:05:127 INFO  CreateAccountPage :176 - Enter address 19, Beats to email field [[ChromeDriver: chrome on WINDOWS (d316967d31b786278305b43217efaafc)] -> xpath: //input[@id='address1']]
2022-05-19 22:05:223 INFO  CreateAccountPage :181 - Enter address 10S to email field [[ChromeDriver: chrome on WINDOWS (d316967d31b786278305b43217efaafc)] -> xpath: //input[@id='address2']]
2022-05-19 22:05:320 INFO  CreateAccountPage :186 - Enter city Rom to city field [[ChromeDriver: chrome on WINDOWS (d316967d31b786278305b43217efaafc)] -> xpath: //input[@id='city']]
2022-05-19 22:05:425 INFO  CreateAccountPage :191 - Selecting state 3 from dropdown [[ChromeDriver: chrome on WINDOWS (d316967d31b786278305b43217efaafc)] -> xpath: //select[@id='id_state']]
2022-05-19 22:05:538 INFO  CreateAccountPage :196 - Enter zip 12345 to email field [[ChromeDriver: chrome on WINDOWS (d316967d31b786278305b43217efaafc)] -> xpath: //input[@id='postcode']]
2022-05-19 22:05:598 INFO  CreateAccountPage :201 - Selecting country United States from dropdown [[ChromeDriver: chrome on WINDOWS (d316967d31b786278305b43217efaafc)] -> xpath: //select[@id='id_country']]
2022-05-19 22:05:676 INFO  CreateAccountPage :206 - Enter home phone 996644002 to home phone field [[ChromeDriver: chrome on WINDOWS (d316967d31b786278305b43217efaafc)] -> xpath: //input[@id='phone']]
2022-05-19 22:05:780 INFO  CreateAccountPage :211 - Enter mobile phone 9966440022 to mobile phone field [[ChromeDriver: chrome on WINDOWS (d316967d31b786278305b43217efaafc)] -> xpath: //input[@id='phone_mobile']]
2022-05-19 22:05:880 INFO  CreateAccountPage :216 - Enter assign address W10, drf to assignAddress field [[ChromeDriver: chrome on WINDOWS (d316967d31b786278305b43217efaafc)] -> xpath: //input[@id='alias']]
2022-05-19 22:05:258 INFO  CreateAccountPage :221 - Clicking on registerButton [[ChromeDriver: chrome on WINDOWS (d316967d31b786278305b43217efaafc)] -> xpath: //body[1]/div[1]/div[2]/div[1]/div[3]/div[1]/div[1]/form[1]/div[4]/button[1]/span[1]]
2022-05-19 22:05:287 INFO  MyAccount :23 - getting my Account text [[ChromeDriver: chrome on WINDOWS (d316967d31b786278305b43217efaafc)] -> xpath: //h1[contains(text(),'My account')]]
2022-05-19 22:05:143 INFO  ManageDriver :30 - Launching Chrome Browser
2022-05-19 22:05:737 INFO  HomePage :53 - Clicking on signIn [[ChromeDriver: chrome on WINDOWS (eef3cbc2c85d2fc51926a2b39cfad465)] -> xpath: //a[contains(text(),'Sign in')]]
2022-05-19 22:05:757 INFO  SignInPage :75 - getting authentication text [[ChromeDriver: chrome on WINDOWS (eef3cbc2c85d2fc51926a2b39cfad465)] -> xpath: //h1[contains(text(),'Authentication')]]
2022-05-19 22:05:476 INFO  ManageDriver :30 - Launching Chrome Browser
2022-05-19 22:05:25 INFO  HomePage :53 - Clicking on signIn [[ChromeDriver: chrome on WINDOWS (61aa2abd03754360ef2bae71b3c55415)] -> xpath: //a[contains(text(),'Sign in')]]
2022-05-19 22:05:81 INFO  SignInPage :56 - Enter email  to email field [[ChromeDriver: chrome on WINDOWS (61aa2abd03754360ef2bae71b3c55415)] -> xpath: //input[@id='email']]
2022-05-19 22:05:165 INFO  SignInPage :61 - Enter password 123456 to password field [[ChromeDriver: chrome on WINDOWS (61aa2abd03754360ef2bae71b3c55415)] -> xpath: //input[@id='passwd']]
2022-05-19 22:05:999 INFO  SignInPage :66 - Clicking on signInButton [[ChromeDriver: chrome on WINDOWS (61aa2abd03754360ef2bae71b3c55415)] -> xpath: //body[1]/div[1]/div[2]/div[1]/div[3]/div[1]/div[1]/div[2]/form[1]/div[1]/p[2]/button[1]/span[1]]
2022-05-19 22:05:13 INFO  SignInPage :100 - getting errorMessage text [[ChromeDriver: chrome on WINDOWS (61aa2abd03754360ef2bae71b3c55415)] -> xpath: //div[@class='alert alert-danger']//li]
2022-05-19 22:05:705 INFO  ManageDriver :30 - Launching Chrome Browser
2022-05-19 22:05:399 INFO  HomePage :53 - Clicking on signIn [[ChromeDriver: chrome on WINDOWS (d75dd7822404a81234376919f57d686f)] -> xpath: //a[contains(text(),'Sign in')]]
2022-05-19 22:05:492 INFO  SignInPage :56 - Enter email abcd@gmail.com to email field [[ChromeDriver: chrome on WINDOWS (d75dd7822404a81234376919f57d686f)] -> xpath: //input[@id='email']]
2022-05-19 22:05:563 INFO  SignInPage :61 - Enter password  to password field [[ChromeDriver: chrome on WINDOWS (d75dd7822404a81234376919f57d686f)] -> xpath: //input[@id='passwd']]
2022-05-19 22:05:697 INFO  SignInPage :66 - Clicking on signInButton [[ChromeDriver: chrome on WINDOWS (d75dd7822404a81234376919f57d686f)] -> xpath: //body[1]/div[1]/div[2]/div[1]/div[3]/div[1]/div[1]/div[2]/form[1]/div[1]/p[2]/button[1]/span[1]]
2022-05-19 22:05:716 INFO  SignInPage :100 - getting errorMessage text [[ChromeDriver: chrome on WINDOWS (d75dd7822404a81234376919f57d686f)] -> xpath: //div[@class='alert alert-danger']//li]
2022-05-19 22:05:417 INFO  ManageDriver :30 - Launching Chrome Browser
2022-05-19 22:05:768 INFO  HomePage :53 - Clicking on signIn [[ChromeDriver: chrome on WINDOWS (ff872d63595c23faae2c0c10ec3b0202)] -> xpath: //a[contains(text(),'Sign in')]]
2022-05-19 22:05:843 INFO  SignInPage :56 - Enter email adfdfgfg to email field [[ChromeDriver: chrome on WINDOWS (ff872d63595c23faae2c0c10ec3b0202)] -> xpath: //input[@id='email']]
2022-05-19 22:05:922 INFO  SignInPage :61 - Enter password 123456 to password field [[ChromeDriver: chrome on WINDOWS (ff872d63595c23faae2c0c10ec3b0202)] -> xpath: //input[@id='passwd']]
2022-05-19 22:05:42 INFO  SignInPage :66 - Clicking on signInButton [[ChromeDriver: chrome on WINDOWS (ff872d63595c23faae2c0c10ec3b0202)] -> xpath: //body[1]/div[1]/div[2]/div[1]/div[3]/div[1]/div[1]/div[2]/form[1]/div[1]/p[2]/button[1]/span[1]]
2022-05-19 22:05:55 INFO  SignInPage :100 - getting errorMessage text [[ChromeDriver: chrome on WINDOWS (ff872d63595c23faae2c0c10ec3b0202)] -> xpath: //div[@class='alert alert-danger']//li]
2022-05-19 22:05:762 INFO  ManageDriver :30 - Launching Chrome Browser
2022-05-19 22:05:83 INFO  HomePage :53 - Clicking on signIn [[ChromeDriver: chrome on WINDOWS (f79c2956e67ccf0e6a937f4b3c9af9e3)] -> xpath: //a[contains(text(),'Sign in')]]
2022-05-19 22:05:177 INFO  SignInPage :56 - Enter email abcd@gmail.com to email field [[ChromeDriver: chrome on WINDOWS (f79c2956e67ccf0e6a937f4b3c9af9e3)] -> xpath: //input[@id='email']]
2022-05-19 22:05:249 INFO  SignInPage :61 - Enter password 123456 to password field [[ChromeDriver: chrome on WINDOWS (f79c2956e67ccf0e6a937f4b3c9af9e3)] -> xpath: //input[@id='passwd']]
2022-05-19 22:05:420 INFO  SignInPage :66 - Clicking on signInButton [[ChromeDriver: chrome on WINDOWS (f79c2956e67ccf0e6a937f4b3c9af9e3)] -> xpath: //body[1]/div[1]/div[2]/div[1]/div[3]/div[1]/div[1]/div[2]/form[1]/div[1]/p[2]/button[1]/span[1]]
2022-05-19 22:05:438 INFO  SignInPage :100 - getting errorMessage text [[ChromeDriver: chrome on WINDOWS (f79c2956e67ccf0e6a937f4b3c9af9e3)] -> xpath: //div[@class='alert alert-danger']//li]
2022-05-19 22:05:135 INFO  ManageDriver :30 - Launching Chrome Browser
2022-05-19 22:05:04 INFO  HomePage :53 - Clicking on signIn [[ChromeDriver: chrome on WINDOWS (9040bc7bbe6e38db4aac13e95c07fe69)] -> xpath: //a[contains(text(),'Sign in')]]
2022-05-19 22:05:106 INFO  SignInPage :56 - Enter email ram1123@gmail.com to email field [[ChromeDriver: chrome on WINDOWS (9040bc7bbe6e38db4aac13e95c07fe69)] -> xpath: //input[@id='email']]
2022-05-19 22:05:185 INFO  SignInPage :61 - Enter password 123456 to password field [[ChromeDriver: chrome on WINDOWS (9040bc7bbe6e38db4aac13e95c07fe69)] -> xpath: //input[@id='passwd']]
2022-05-19 22:05:311 INFO  SignInPage :66 - Clicking on signInButton [[ChromeDriver: chrome on WINDOWS (9040bc7bbe6e38db4aac13e95c07fe69)] -> xpath: //body[1]/div[1]/div[2]/div[1]/div[3]/div[1]/div[1]/div[2]/form[1]/div[1]/p[2]/button[1]/span[1]]
2022-05-19 22:05:327 INFO  Account :24 - getting signout text [[ChromeDriver: chrome on WINDOWS (9040bc7bbe6e38db4aac13e95c07fe69)] -> xpath: //header/div[2]/div[1]/div[1]/nav[1]/div[2]/a[1]]
2022-05-19 22:05:67 INFO  ManageDriver :30 - Launching Chrome Browser
2022-05-19 22:05:121 INFO  HomePage :53 - Clicking on signIn [[ChromeDriver: chrome on WINDOWS (8b92fa0d55eec845fa21bc22708a7446)] -> xpath: //a[contains(text(),'Sign in')]]
2022-05-19 22:05:213 INFO  SignInPage :56 - Enter email ram1123@gmail.com to email field [[ChromeDriver: chrome on WINDOWS (8b92fa0d55eec845fa21bc22708a7446)] -> xpath: //input[@id='email']]
2022-05-19 22:05:292 INFO  SignInPage :61 - Enter password 123456 to password field [[ChromeDriver: chrome on WINDOWS (8b92fa0d55eec845fa21bc22708a7446)] -> xpath: //input[@id='passwd']]
2022-05-19 22:05:518 INFO  SignInPage :66 - Clicking on signInButton [[ChromeDriver: chrome on WINDOWS (8b92fa0d55eec845fa21bc22708a7446)] -> xpath: //body[1]/div[1]/div[2]/div[1]/div[3]/div[1]/div[1]/div[2]/form[1]/div[1]/p[2]/button[1]/span[1]]
2022-05-19 22:05:703 INFO  Account :29 - Clicking on signOutLink [[ChromeDriver: chrome on WINDOWS (8b92fa0d55eec845fa21bc22708a7446)] -> xpath: //header/div[2]/div[1]/div[1]/nav[1]/div[2]/a[1]]
2022-05-19 22:05:721 INFO  HomePage :60 - verifySignInButton text [[ChromeDriver: chrome on WINDOWS (8b92fa0d55eec845fa21bc22708a7446)] -> xpath: //header/div[3]/div[1]/div[1]/div[1]/a[1]/img[1]]
2022-05-19 22:05:425 INFO  ManageDriver :30 - Launching Chrome Browser
2022-05-19 22:05:379 INFO  HomePage :41 - Clicking on woman [[ChromeDriver: chrome on WINDOWS (ac94b06ab6f44ff7d5f80fce53a9abe7)] -> xpath: //header/div[3]/div[1]/div[1]/div[6]/ul[1]/li[1]/a[1]]
2022-05-19 22:05:391 INFO  WomenCategoryPage :58 - getting women Text [[ChromeDriver: chrome on WINDOWS (ac94b06ab6f44ff7d5f80fce53a9abe7)] -> xpath: //h2[contains(text(),'Women')]]
2022-05-19 22:05:100 INFO  ManageDriver :30 - Launching Chrome Browser
2022-05-19 22:05:545 INFO  HomePage :41 - Clicking on woman [[ChromeDriver: chrome on WINDOWS (12a924bbebdc1695a0ca6f8665b14678)] -> xpath: //header/div[3]/div[1]/div[1]/div[6]/ul[1]/li[1]/a[1]]
2022-05-19 22:05:838 INFO  WomenCategoryPage :86 - Selecting Product Blouse from dropdown [[ChromeDriver: chrome on WINDOWS (12a924bbebdc1695a0ca6f8665b14678)] -> xpath: //h5//a[@title='Blouse']]
2022-05-19 22:05:903 INFO  ProductPage :85 - Clearing quantity [[ChromeDriver: chrome on WINDOWS (12a924bbebdc1695a0ca6f8665b14678)] -> xpath: //input[@id='quantity_wanted']]
2022-05-19 22:05:973 INFO  ProductPage :90 - Enter quantity [[ChromeDriver: chrome on WINDOWS (12a924bbebdc1695a0ca6f8665b14678)] -> xpath: //input[@id='quantity_wanted']] to quantity field [[ChromeDriver: chrome on WINDOWS (12a924bbebdc1695a0ca6f8665b14678)] -> xpath: //input[@id='quantity_wanted']]
2022-05-19 22:05:991 INFO  ProductPage :59 - Selecting colour M from dropdown [[ChromeDriver: chrome on WINDOWS (12a924bbebdc1695a0ca6f8665b14678)] -> xpath: //select[@id='group_1']]
2022-05-19 22:05:252 INFO  ProductPage :70 - Clicking on addToCart [[ChromeDriver: chrome on WINDOWS (12a924bbebdc1695a0ca6f8665b14678)] -> xpath: //span[contains(text(),'Add to cart')]]
2022-05-19 22:05:275 INFO  ProductPage :74 - getting product Success text [[ChromeDriver: chrome on WINDOWS (12a924bbebdc1695a0ca6f8665b14678)] -> xpath: //div[@class='layer_cart_product col-xs-12 col-md-6']]
2022-05-19 22:05:360 INFO  ProductPage :80 - Clicking on crossSign [[ChromeDriver: chrome on WINDOWS (12a924bbebdc1695a0ca6f8665b14678)] -> xpath: //header/div[3]/div[1]/div[1]/div[4]/div[1]/div[1]/span[1]]
2022-05-19 22:05:72 INFO  ManageDriver :30 - Launching Chrome Browser
2022-05-19 22:05:411 INFO  HomePage :41 - Clicking on woman [[ChromeDriver: chrome on WINDOWS (1c20d9a0888c22cfdb0b40bf9a0d9758)] -> xpath: //header/div[3]/div[1]/div[1]/div[6]/ul[1]/li[1]/a[1]]
2022-05-19 22:05:981 INFO  WomenCategoryPage :90 - Selecting Product Printed Dress from dropdown [[ChromeDriver: chrome on WINDOWS (1c20d9a0888c22cfdb0b40bf9a0d9758)] -> xpath: //body/div[@id='page']/div[2]/div[1]/div[3]/div[2]/ul[1]/li[3]/div[1]/div[2]/h5[1]/a[1]]
2022-05-19 22:05:26 INFO  ProductPage :85 - Clearing quantity [[ChromeDriver: chrome on WINDOWS (1c20d9a0888c22cfdb0b40bf9a0d9758)] -> xpath: //input[@id='quantity_wanted']]
2022-05-19 22:05:64 INFO  ProductPage :90 - Enter quantity [[ChromeDriver: chrome on WINDOWS (1c20d9a0888c22cfdb0b40bf9a0d9758)] -> xpath: //input[@id='quantity_wanted']] to quantity field [[ChromeDriver: chrome on WINDOWS (1c20d9a0888c22cfdb0b40bf9a0d9758)] -> xpath: //input[@id='quantity_wanted']]
2022-05-19 22:05:75 INFO  ProductPage :59 - Selecting colour L from dropdown [[ChromeDriver: chrome on WINDOWS (1c20d9a0888c22cfdb0b40bf9a0d9758)] -> xpath: //select[@id='group_1']]
2022-05-19 22:05:200 INFO  ProductPage :70 - Clicking on addToCart [[ChromeDriver: chrome on WINDOWS (1c20d9a0888c22cfdb0b40bf9a0d9758)] -> xpath: //span[contains(text(),'Add to cart')]]
2022-05-19 22:05:216 INFO  ProductPage :74 - getting product Success text [[ChromeDriver: chrome on WINDOWS (1c20d9a0888c22cfdb0b40bf9a0d9758)] -> xpath: //div[@class='layer_cart_product col-xs-12 col-md-6']]
2022-05-19 22:05:434 INFO  ProductPage :80 - Clicking on crossSign [[ChromeDriver: chrome on WINDOWS (1c20d9a0888c22cfdb0b40bf9a0d9758)] -> xpath: //header/div[3]/div[1]/div[1]/div[4]/div[1]/div[1]/span[1]]
2022-05-19 22:05:277 INFO  ManageDriver :30 - Launching Chrome Browser
2022-05-19 22:05:404 INFO  HomePage :41 - Clicking on woman [[ChromeDriver: chrome on WINDOWS (c2fa76abb3084d26ecfe283786be4d78)] -> xpath: //header/div[3]/div[1]/div[1]/div[6]/ul[1]/li[1]/a[1]]
2022-05-19 22:05:102 INFO  WomenCategoryPage :94 - Selecting Product Printed Chiffon Dress from dropdown [[ChromeDriver: chrome on WINDOWS (c2fa76abb3084d26ecfe283786be4d78)] -> xpath: //h5//a[@title='Printed Chiffon Dress']]
2022-05-19 22:05:146 INFO  ProductPage :85 - Clearing quantity [[ChromeDriver: chrome on WINDOWS (c2fa76abb3084d26ecfe283786be4d78)] -> xpath: //input[@id='quantity_wanted']]
2022-05-19 22:05:193 INFO  ProductPage :90 - Enter quantity [[ChromeDriver: chrome on WINDOWS (c2fa76abb3084d26ecfe283786be4d78)] -> xpath: //input[@id='quantity_wanted']] to quantity field [[ChromeDriver: chrome on WINDOWS (c2fa76abb3084d26ecfe283786be4d78)] -> xpath: //input[@id='quantity_wanted']]
2022-05-19 22:05:209 INFO  ProductPage :59 - Selecting colour S from dropdown [[ChromeDriver: chrome on WINDOWS (c2fa76abb3084d26ecfe283786be4d78)] -> xpath: //select[@id='group_1']]
2022-05-19 22:05:304 INFO  ProductPage :70 - Clicking on addToCart [[ChromeDriver: chrome on WINDOWS (c2fa76abb3084d26ecfe283786be4d78)] -> xpath: //span[contains(text(),'Add to cart')]]
2022-05-19 22:05:323 INFO  ProductPage :74 - getting product Success text [[ChromeDriver: chrome on WINDOWS (c2fa76abb3084d26ecfe283786be4d78)] -> xpath: //div[@class='layer_cart_product col-xs-12 col-md-6']]
2022-05-19 22:05:184 INFO  ProductPage :80 - Clicking on crossSign [[ChromeDriver: chrome on WINDOWS (c2fa76abb3084d26ecfe283786be4d78)] -> xpath: //header/div[3]/div[1]/div[1]/div[4]/div[1]/div[1]/span[1]]
2022-05-19 22:05:907 INFO  ManageDriver :30 - Launching Chrome Browser
2022-05-19 22:05:630 INFO  HomePage :41 - Clicking on woman [[ChromeDriver: chrome on WINDOWS (7b11a7fec6cc67929643ad289ac3f1ba)] -> xpath: //header/div[3]/div[1]/div[1]/div[6]/ul[1]/li[1]/a[1]]
2022-05-19 22:05:234 INFO  WomenCategoryPage :98 - Selecting Product Printed Summer Dress with Price $28.98 from dropdown [[ChromeDriver: chrome on WINDOWS (7b11a7fec6cc67929643ad289ac3f1ba)] -> xpath: //body/div[@id='page']/div[2]/div[1]/div[3]/div[2]/ul[1]/li[5]/div[1]/div[2]/h5[1]/a[1]]
2022-05-19 22:05:280 INFO  ProductPage :85 - Clearing quantity [[ChromeDriver: chrome on WINDOWS (7b11a7fec6cc67929643ad289ac3f1ba)] -> xpath: //input[@id='quantity_wanted']]
2022-05-19 22:05:329 INFO  ProductPage :90 - Enter quantity [[ChromeDriver: chrome on WINDOWS (7b11a7fec6cc67929643ad289ac3f1ba)] -> xpath: //input[@id='quantity_wanted']] to quantity field [[ChromeDriver: chrome on WINDOWS (7b11a7fec6cc67929643ad289ac3f1ba)] -> xpath: //input[@id='quantity_wanted']]
2022-05-19 22:05:345 INFO  ProductPage :59 - Selecting colour M from dropdown [[ChromeDriver: chrome on WINDOWS (7b11a7fec6cc67929643ad289ac3f1ba)] -> xpath: //select[@id='group_1']]
2022-05-19 22:05:638 INFO  ProductPage :70 - Clicking on addToCart [[ChromeDriver: chrome on WINDOWS (7b11a7fec6cc67929643ad289ac3f1ba)] -> xpath: //span[contains(text(),'Add to cart')]]
2022-05-19 22:05:663 INFO  ProductPage :74 - getting product Success text [[ChromeDriver: chrome on WINDOWS (7b11a7fec6cc67929643ad289ac3f1ba)] -> xpath: //div[@class='layer_cart_product col-xs-12 col-md-6']]
2022-05-19 22:05:387 INFO  ProductPage :80 - Clicking on crossSign [[ChromeDriver: chrome on WINDOWS (7b11a7fec6cc67929643ad289ac3f1ba)] -> xpath: //header/div[3]/div[1]/div[1]/div[4]/div[1]/div[1]/span[1]]
